<?xml version="1.0" encoding="UTF-8"?>
<testsuite name="JUnit Jupiter" tests="2" skipped="0" failures="0" errors="0" time="15" hostname="M-NAKHJIRI-10" timestamp="2025-09-20T09:59:00">
<properties>
[...]
</properties>
<testcase name="successLogin" classname="com.idera.xray.tutorials.LoginTests" time="7" started-at="2025-09-20T06:28:45.0486752" finished-at="2025-09-20T06:28:52.4436756">
<system-out><![CDATA[
unique-id: [engine:junit-jupiter]/[class:com.idera.xray.tutorials.LoginTests]/[method:successLogin()]
display-name: successLogin()
]]></system-out>
<properties>
<property name="test_key" value="XTP-31"/>
<property name="_dummy_" value=""/>
</properties>
</testcase>
<testcase name="nosuccessLogin" classname="com.idera.xray.tutorials.LoginTests" time="7" started-at="2025-09-20T06:28:52.4456754" finished-at="2025-09-20T06:29:00.138675">
<system-out><![CDATA[
unique-id: [engine:junit-jupiter]/[class:com.idera.xray.tutorials.LoginTests]/[method:nosuccessLogin(app.getxray.xray.junit.customjunitxml.XrayTestReporter)]
display-name: nosuccessLogin(XrayTestReporter)
]]></system-out>
<system-out><![CDATA[

]]></system-out>
<properties>
[...]
</properties>
</testcase>
<system-out><![CDATA[
unique-id: [engine:junit-jupiter]
display-name: JUnit Jupiter
]]></system-out>
</testsuite>
